<?xml version="1.0" encoding="UTF-8"?>
<!-- Generated by org.testng.reporters.JUnitReportReporter -->
<testsuite skipped="0" hostname="AswinDESKTOP-0PAECQO" name="com.testng.Exceptions" tests="1" failures="0" timestamp="2022-04-07T17:14:44 PDT" time="0.016" errors="0">
  <testcase name="demo" time="0.016" classname="com.testng.Exceptions"/>
  <system-out/>
</testsuite> <!-- com.testng.Exceptions -->
