<?xml version="1.0" encoding="UTF-8"?>
<!-- Generated by org.testng.reporters.JUnitReportReporter -->
<testsuite skipped="0" hostname="AswinDESKTOP-0PAECQO" name="com.testng.Simple_Annotations" tests="3" failures="0" timestamp="2022-04-07T12:10:29 PDT" time="0.016" errors="0">
  <testcase name="tshirt" time="0.000" classname="com.testng.Simple_Annotations"/>
  <system-out/>
  <testcase name="dresses" time="0.007" classname="com.testng.Simple_Annotations"/>
  <system-out/>
  <testcase name="women" time="0.009" classname="com.testng.Simple_Annotations"/>
  <system-out/>
</testsuite> <!-- com.testng.Simple_Annotations -->
