<?xml version="1.0" encoding="UTF-8"?>
<!-- Generated by org.testng.reporters.JUnitReportReporter -->
<testsuite skipped="0" hostname="AswinDESKTOP-0PAECQO" name="com.testng.TimeOut" tests="1" failures="0" timestamp="2022-04-07T11:55:36 PDT" time="4.046" errors="0">
  <testcase name="Login" time="4.046" classname="com.testng.TimeOut"/>
  <system-out/>
</testsuite> <!-- com.testng.TimeOut -->
