<?xml version="1.0" encoding="UTF-8"?>
<!-- Generated by org.testng.reporters.JUnitReportReporter -->
<testsuite skipped="0" hostname="AswinDESKTOP-0PAECQO" name="com.testng.DataProvider_Test" tests="2" failures="0" timestamp="2022-03-31T17:35:57 PDT" time="0.008" errors="0">
  <testcase name="login" time="0.008" classname="com.testng.DataProvider_Test"/>
  <system-out/>
  <testcase name="login" time="0.000" classname="com.testng.DataProvider_Test"/>
  <system-out/>
</testsuite> <!-- com.testng.DataProvider_Test -->
