<?xml version="1.0" encoding="UTF-8"?>
<!-- Generated by org.testng.reporters.JUnitReportReporter -->
<testsuite skipped="0" hostname="AswinDESKTOP-0PAECQO" name="com.testng.Data_Test" tests="2" failures="0" timestamp="2022-03-31T17:34:18 PDT" time="0.008" errors="0">
  <testcase name="login" time="0.007" classname="com.testng.Data_Test"/>
  <system-out/>
  <testcase name="login" time="0.001" classname="com.testng.Data_Test"/>
  <system-out/>
</testsuite> <!-- com.testng.Data_Test -->
