<?xml version="1.0" encoding="UTF-8"?>
<!-- Generated by org.testng.reporters.JUnitReportReporter -->
<testsuite skipped="0" hostname="AswinDESKTOP-0PAECQO" name="com.testng.Test_Iannotation_Transformer" tests="2" failures="0" timestamp="2022-04-07T11:57:54 PDT" time="0.014" errors="0">
  <testcase name="Login" time="0.014" classname="com.testng.Test_Iannotation_Transformer"/>
  <system-out/>
  <testcase name="logout" time="0.000" classname="com.testng.Test_Iannotation_Transformer"/>
  <system-out/>
</testsuite> <!-- com.testng.Test_Iannotation_Transformer -->
