<?xml version="1.0" encoding="UTF-8"?>
<!-- Generated by org.testng.reporters.JUnitReportReporter -->
<testsuite skipped="0" hostname="AswinDESKTOP-0PAECQO" name="com.testng.Groups" tests="5" failures="0" timestamp="2022-03-31T14:09:17 PDT" time="0.015" errors="0">
  <testcase name="id2" time="0.001" classname="com.testng.Groups"/>
  <system-out/>
  <testcase name="login" time="0.002" classname="com.testng.Groups"/>
  <system-out/>
  <testcase name="phone" time="0.002" classname="com.testng.Groups"/>
  <system-out/>
  <testcase name="id1" time="0.008" classname="com.testng.Groups"/>
  <system-out/>
  <testcase name="userName" time="0.002" classname="com.testng.Groups"/>
  <system-out/>
</testsuite> <!-- com.testng.Groups -->
