<?xml version="1.0" encoding="UTF-8"?>
<!-- Generated by org.testng.reporters.JUnitReportReporter -->
<testsuite skipped="1" hostname="AswinDESKTOP-0PAECQO" name="com.testng.MaggiRecipe" tests="8" failures="0" timestamp="2022-04-07T17:15:17 PDT" time="0.027" errors="0">
  <testcase name="heatWater" time="0.013" classname="com.testng.MaggiRecipe"/>
  <system-out/>
  <testcase name="putMaggi" time="0.002" classname="com.testng.MaggiRecipe"/>
  <system-out/>
  <testcase name="addMasala" time="0.002" classname="com.testng.MaggiRecipe"/>
  <system-out/>
  <testcase name="cookMaggi" time="0.003" classname="com.testng.MaggiRecipe"/>
  <system-out/>
  <testcase name="serveMaggie" time="0.002" classname="com.testng.MaggiRecipe"/>
  <system-out/>
  <testcase name="serveMaggie" time="0.003" classname="com.testng.MaggiRecipe"/>
  <system-out/>
  <testcase name="serveMaggie" time="0.002" classname="com.testng.MaggiRecipe"/>
  <system-out/>
  <testcase name="cleanBowl" classname="com.testng.MaggiRecipe">
    <skipped/>
  </testcase> <!-- cleanBowl -->
  <system-out/>
</testsuite> <!-- com.testng.MaggiRecipe -->
