<?xml version="1.0" encoding="UTF-8"?>
<!-- Generated by org.testng.reporters.JUnitReportReporter -->
<testsuite skipped="0" hostname="AswinDESKTOP-0PAECQO" name="com.testng.Parallel_Test" tests="2" failures="0" timestamp="2022-03-31T17:54:51 PDT" time="19.522" errors="0">
  <testcase name="olaCabs" time="5.758" classname="com.testng.Parallel_Test"/>
  <system-out/>
  <testcase name="epfo" time="13.764" classname="com.testng.Parallel_Test"/>
  <system-out/>
</testsuite> <!-- com.testng.Parallel_Test -->
